16:19:36.529 WARN  com.henryorz.excel4j.excel.PoiExcelHandler 39 importExcel - open as xlsx failed, cause: {}org.apache.poi.openxml4j.exceptions.InvalidFormatException: Package should contain a content type part [M1.13]
16:19:36.581 WARN  com.henryorz.excel4j.excel.PoiExcelHandler 43 importExcel - open as xls failed, cause: {}org.apache.poi.openxml4j.exceptions.InvalidFormatException: Package should contain a content type part [M1.13]
16:21:40.688 WARN  com.henryorz.excel4j.excel.PoiExcelHandler 39 importExcel - open as xlsx failed, cause: {} org.apache.poi.openxml4j.exceptions.InvalidFormatException: Package should contain a content type part [M1.13]
	at org.apache.poi.openxml4j.opc.ZipPackage.getPartsImpl(ZipPackage.java:197) ~[poi-ooxml-3.14.jar:3.14]
	at org.apache.poi.openxml4j.opc.OPCPackage.getParts(OPCPackage.java:696) ~[poi-ooxml-3.14.jar:3.14]
	at org.apache.poi.openxml4j.opc.OPCPackage.open(OPCPackage.java:280) ~[poi-ooxml-3.14.jar:3.14]
	at org.apache.poi.util.PackageHelper.open(PackageHelper.java:37) ~[poi-ooxml-3.14.jar:3.14]
	at org.apache.poi.xssf.usermodel.XSSFWorkbook.<init>(XSSFWorkbook.java:274) ~[poi-ooxml-3.14.jar:3.14]
	at com.henryorz.excel4j.excel.PoiExcelHandler.importExcel(PoiExcelHandler.java:37) [classes/:?]
	at com.henryorz.excel4j.excel.ExcelHandler.execute(ExcelHandler.java:50) [classes/:?]
	at com.henryorz.excel4j.proxy.MapperProxy.invoke(MapperProxy.java:31) [classes/:?]
	at com.sun.proxy.$Proxy0.testMethod(Unknown Source) [?:?]
	at com.henryorz.excel4j.test.TestMain.main(TestMain.java:19) [classes/:?]
	at sun.reflect.NativeMethodAccessorImpl.invoke0(Native Method) ~[?:1.8.0_91]
	at sun.reflect.NativeMethodAccessorImpl.invoke(NativeMethodAccessorImpl.java:62) ~[?:1.8.0_91]
	at sun.reflect.DelegatingMethodAccessorImpl.invoke(DelegatingMethodAccessorImpl.java:43) ~[?:1.8.0_91]
	at java.lang.reflect.Method.invoke(Method.java:498) ~[?:1.8.0_91]
	at com.intellij.rt.execution.application.AppMain.main(AppMain.java:147) [idea_rt.jar:?]

16:21:40.749 WARN  com.henryorz.excel4j.excel.PoiExcelHandler 43 importExcel - open as xls failed, cause: {} org.apache.poi.openxml4j.exceptions.InvalidFormatException: Package should contain a content type part [M1.13]
	at org.apache.poi.openxml4j.opc.ZipPackage.getPartsImpl(ZipPackage.java:197) ~[poi-ooxml-3.14.jar:3.14]
	at org.apache.poi.openxml4j.opc.OPCPackage.getParts(OPCPackage.java:696) ~[poi-ooxml-3.14.jar:3.14]
	at org.apache.poi.openxml4j.opc.OPCPackage.open(OPCPackage.java:280) ~[poi-ooxml-3.14.jar:3.14]
	at org.apache.poi.util.PackageHelper.open(PackageHelper.java:37) ~[poi-ooxml-3.14.jar:3.14]
	at org.apache.poi.xssf.usermodel.XSSFWorkbook.<init>(XSSFWorkbook.java:274) ~[poi-ooxml-3.14.jar:3.14]
	at com.henryorz.excel4j.excel.PoiExcelHandler.importExcel(PoiExcelHandler.java:37) [classes/:?]
	at com.henryorz.excel4j.excel.ExcelHandler.execute(ExcelHandler.java:50) [classes/:?]
	at com.henryorz.excel4j.proxy.MapperProxy.invoke(MapperProxy.java:31) [classes/:?]
	at com.sun.proxy.$Proxy0.testMethod(Unknown Source) [?:?]
	at com.henryorz.excel4j.test.TestMain.main(TestMain.java:19) [classes/:?]
	at sun.reflect.NativeMethodAccessorImpl.invoke0(Native Method) ~[?:1.8.0_91]
	at sun.reflect.NativeMethodAccessorImpl.invoke(NativeMethodAccessorImpl.java:62) ~[?:1.8.0_91]
	at sun.reflect.DelegatingMethodAccessorImpl.invoke(DelegatingMethodAccessorImpl.java:43) ~[?:1.8.0_91]
	at java.lang.reflect.Method.invoke(Method.java:498) ~[?:1.8.0_91]
	at com.intellij.rt.execution.application.AppMain.main(AppMain.java:147) [idea_rt.jar:?]

16:25:24.615 WARN  com.henryorz.excel4j.excel.PoiExcelHandler 39 importExcel - open as xlsx failed, cause: {} org.apache.poi.openxml4j.exceptions.InvalidFormatException: Package should contain a content type part [M1.13]
	at org.apache.poi.openxml4j.opc.ZipPackage.getPartsImpl(ZipPackage.java:197) ~[poi-ooxml-3.14.jar:3.14]
	at org.apache.poi.openxml4j.opc.OPCPackage.getParts(OPCPackage.java:696) ~[poi-ooxml-3.14.jar:3.14]
	at org.apache.poi.openxml4j.opc.OPCPackage.open(OPCPackage.java:280) ~[poi-ooxml-3.14.jar:3.14]
	at org.apache.poi.util.PackageHelper.open(PackageHelper.java:37) ~[poi-ooxml-3.14.jar:3.14]
	at org.apache.poi.xssf.usermodel.XSSFWorkbook.<init>(XSSFWorkbook.java:274) ~[poi-ooxml-3.14.jar:3.14]
	at com.henryorz.excel4j.excel.PoiExcelHandler.importExcel(PoiExcelHandler.java:37) [classes/:?]
	at com.henryorz.excel4j.excel.ExcelHandler.execute(ExcelHandler.java:50) [classes/:?]
	at com.henryorz.excel4j.proxy.MapperProxy.invoke(MapperProxy.java:31) [classes/:?]
	at com.sun.proxy.$Proxy0.testMethod(Unknown Source) [?:?]
	at com.henryorz.excel4j.test.TestMain.main(TestMain.java:19) [classes/:?]
	at sun.reflect.NativeMethodAccessorImpl.invoke0(Native Method) ~[?:1.8.0_91]
	at sun.reflect.NativeMethodAccessorImpl.invoke(NativeMethodAccessorImpl.java:62) ~[?:1.8.0_91]
	at sun.reflect.DelegatingMethodAccessorImpl.invoke(DelegatingMethodAccessorImpl.java:43) ~[?:1.8.0_91]
	at java.lang.reflect.Method.invoke(Method.java:498) ~[?:1.8.0_91]
	at com.intellij.rt.execution.application.AppMain.main(AppMain.java:147) [idea_rt.jar:?]

16:25:24.639 WARN  com.henryorz.excel4j.excel.PoiExcelHandler 43 importExcel - open as xls failed, cause: {} org.apache.poi.openxml4j.exceptions.InvalidFormatException: Package should contain a content type part [M1.13]
	at org.apache.poi.openxml4j.opc.ZipPackage.getPartsImpl(ZipPackage.java:197) ~[poi-ooxml-3.14.jar:3.14]
	at org.apache.poi.openxml4j.opc.OPCPackage.getParts(OPCPackage.java:696) ~[poi-ooxml-3.14.jar:3.14]
	at org.apache.poi.openxml4j.opc.OPCPackage.open(OPCPackage.java:280) ~[poi-ooxml-3.14.jar:3.14]
	at org.apache.poi.util.PackageHelper.open(PackageHelper.java:37) ~[poi-ooxml-3.14.jar:3.14]
	at org.apache.poi.xssf.usermodel.XSSFWorkbook.<init>(XSSFWorkbook.java:274) ~[poi-ooxml-3.14.jar:3.14]
	at com.henryorz.excel4j.excel.PoiExcelHandler.importExcel(PoiExcelHandler.java:37) [classes/:?]
	at com.henryorz.excel4j.excel.ExcelHandler.execute(ExcelHandler.java:50) [classes/:?]
	at com.henryorz.excel4j.proxy.MapperProxy.invoke(MapperProxy.java:31) [classes/:?]
	at com.sun.proxy.$Proxy0.testMethod(Unknown Source) [?:?]
	at com.henryorz.excel4j.test.TestMain.main(TestMain.java:19) [classes/:?]
	at sun.reflect.NativeMethodAccessorImpl.invoke0(Native Method) ~[?:1.8.0_91]
	at sun.reflect.NativeMethodAccessorImpl.invoke(NativeMethodAccessorImpl.java:62) ~[?:1.8.0_91]
	at sun.reflect.DelegatingMethodAccessorImpl.invoke(DelegatingMethodAccessorImpl.java:43) ~[?:1.8.0_91]
	at java.lang.reflect.Method.invoke(Method.java:498) ~[?:1.8.0_91]
	at com.intellij.rt.execution.application.AppMain.main(AppMain.java:147) [idea_rt.jar:?]

16:27:54.462 WARN  com.henryorz.excel4j.excel.PoiExcelHandler 39 importExcel - open as xlsx failed, cause: {} org.apache.poi.openxml4j.exceptions.InvalidFormatException: Package should contain a content type part [M1.13]
	at org.apache.poi.openxml4j.opc.ZipPackage.getPartsImpl(ZipPackage.java:197) ~[poi-ooxml-3.14.jar:3.14]
	at org.apache.poi.openxml4j.opc.OPCPackage.getParts(OPCPackage.java:696) ~[poi-ooxml-3.14.jar:3.14]
	at org.apache.poi.openxml4j.opc.OPCPackage.open(OPCPackage.java:280) ~[poi-ooxml-3.14.jar:3.14]
	at org.apache.poi.util.PackageHelper.open(PackageHelper.java:37) ~[poi-ooxml-3.14.jar:3.14]
	at org.apache.poi.xssf.usermodel.XSSFWorkbook.<init>(XSSFWorkbook.java:274) ~[poi-ooxml-3.14.jar:3.14]
	at com.henryorz.excel4j.excel.PoiExcelHandler.importExcel(PoiExcelHandler.java:37) [classes/:?]
	at com.henryorz.excel4j.excel.ExcelHandler.execute(ExcelHandler.java:50) [classes/:?]
	at com.henryorz.excel4j.proxy.MapperProxy.invoke(MapperProxy.java:31) [classes/:?]
	at com.sun.proxy.$Proxy0.testMethod(Unknown Source) [?:?]
	at com.henryorz.excel4j.test.TestMain.main(TestMain.java:19) [classes/:?]
	at sun.reflect.NativeMethodAccessorImpl.invoke0(Native Method) ~[?:1.8.0_91]
	at sun.reflect.NativeMethodAccessorImpl.invoke(NativeMethodAccessorImpl.java:62) ~[?:1.8.0_91]
	at sun.reflect.DelegatingMethodAccessorImpl.invoke(DelegatingMethodAccessorImpl.java:43) ~[?:1.8.0_91]
	at java.lang.reflect.Method.invoke(Method.java:498) ~[?:1.8.0_91]
	at com.intellij.rt.execution.application.AppMain.main(AppMain.java:147) [idea_rt.jar:?]

16:27:54.484 ERROR com.henryorz.excel4j.excel.PoiExcelHandler 43 importExcel - open as xls failed, cause: {}
16:29:57.281 ERROR com.henryorz.excel4j.excel.PoiExcelHandler 57 importExcel - get bean from row failed: {} java.lang.NoSuchMethodException: java.util.List.<init>()
	at java.lang.Class.getConstructor0(Class.java:3082) ~[?:1.8.0_91]
	at java.lang.Class.newInstance(Class.java:412) ~[?:1.8.0_91]
	at com.henryorz.excel4j.excel.PoiExcelHandler.getBeanFromRow(PoiExcelHandler.java:71) ~[classes/:?]
	at com.henryorz.excel4j.excel.PoiExcelHandler.importExcel(PoiExcelHandler.java:54) [classes/:?]
	at com.henryorz.excel4j.excel.ExcelHandler.execute(ExcelHandler.java:50) [classes/:?]
	at com.henryorz.excel4j.proxy.MapperProxy.invoke(MapperProxy.java:31) [classes/:?]
	at com.sun.proxy.$Proxy0.testMethod(Unknown Source) [?:?]
	at com.henryorz.excel4j.test.TestMain.main(TestMain.java:19) [classes/:?]
	at sun.reflect.NativeMethodAccessorImpl.invoke0(Native Method) ~[?:1.8.0_91]
	at sun.reflect.NativeMethodAccessorImpl.invoke(NativeMethodAccessorImpl.java:62) ~[?:1.8.0_91]
	at sun.reflect.DelegatingMethodAccessorImpl.invoke(DelegatingMethodAccessorImpl.java:43) ~[?:1.8.0_91]
	at java.lang.reflect.Method.invoke(Method.java:498) ~[?:1.8.0_91]
	at com.intellij.rt.execution.application.AppMain.main(AppMain.java:147) [idea_rt.jar:?]

16:29:57.286 ERROR com.henryorz.excel4j.excel.PoiExcelHandler 57 importExcel - get bean from row failed: {} java.lang.NoSuchMethodException: java.util.List.<init>()
	at java.lang.Class.getConstructor0(Class.java:3082) ~[?:1.8.0_91]
	at java.lang.Class.newInstance(Class.java:412) ~[?:1.8.0_91]
	at com.henryorz.excel4j.excel.PoiExcelHandler.getBeanFromRow(PoiExcelHandler.java:71) ~[classes/:?]
	at com.henryorz.excel4j.excel.PoiExcelHandler.importExcel(PoiExcelHandler.java:54) [classes/:?]
	at com.henryorz.excel4j.excel.ExcelHandler.execute(ExcelHandler.java:50) [classes/:?]
	at com.henryorz.excel4j.proxy.MapperProxy.invoke(MapperProxy.java:31) [classes/:?]
	at com.sun.proxy.$Proxy0.testMethod(Unknown Source) [?:?]
	at com.henryorz.excel4j.test.TestMain.main(TestMain.java:19) [classes/:?]
	at sun.reflect.NativeMethodAccessorImpl.invoke0(Native Method) ~[?:1.8.0_91]
	at sun.reflect.NativeMethodAccessorImpl.invoke(NativeMethodAccessorImpl.java:62) ~[?:1.8.0_91]
	at sun.reflect.DelegatingMethodAccessorImpl.invoke(DelegatingMethodAccessorImpl.java:43) ~[?:1.8.0_91]
	at java.lang.reflect.Method.invoke(Method.java:498) ~[?:1.8.0_91]
	at com.intellij.rt.execution.application.AppMain.main(AppMain.java:147) [idea_rt.jar:?]

16:29:57.286 ERROR com.henryorz.excel4j.excel.PoiExcelHandler 57 importExcel - get bean from row failed: {} java.lang.NoSuchMethodException: java.util.List.<init>()
	at java.lang.Class.getConstructor0(Class.java:3082) ~[?:1.8.0_91]
	at java.lang.Class.newInstance(Class.java:412) ~[?:1.8.0_91]
	at com.henryorz.excel4j.excel.PoiExcelHandler.getBeanFromRow(PoiExcelHandler.java:71) ~[classes/:?]
	at com.henryorz.excel4j.excel.PoiExcelHandler.importExcel(PoiExcelHandler.java:54) [classes/:?]
	at com.henryorz.excel4j.excel.ExcelHandler.execute(ExcelHandler.java:50) [classes/:?]
	at com.henryorz.excel4j.proxy.MapperProxy.invoke(MapperProxy.java:31) [classes/:?]
	at com.sun.proxy.$Proxy0.testMethod(Unknown Source) [?:?]
	at com.henryorz.excel4j.test.TestMain.main(TestMain.java:19) [classes/:?]
	at sun.reflect.NativeMethodAccessorImpl.invoke0(Native Method) ~[?:1.8.0_91]
	at sun.reflect.NativeMethodAccessorImpl.invoke(NativeMethodAccessorImpl.java:62) ~[?:1.8.0_91]
	at sun.reflect.DelegatingMethodAccessorImpl.invoke(DelegatingMethodAccessorImpl.java:43) ~[?:1.8.0_91]
	at java.lang.reflect.Method.invoke(Method.java:498) ~[?:1.8.0_91]
	at com.intellij.rt.execution.application.AppMain.main(AppMain.java:147) [idea_rt.jar:?]

16:31:42.915 ERROR com.henryorz.excel4j.excel.PoiExcelHandler 57 importExcel - get bean from row failed: {} java.lang.NoSuchMethodException: java.util.List.<init>()
	at java.lang.Class.getConstructor0(Class.java:3082) ~[?:1.8.0_91]
	at java.lang.Class.newInstance(Class.java:412) ~[?:1.8.0_91]
	at com.henryorz.excel4j.excel.PoiExcelHandler.getBeanFromRow(PoiExcelHandler.java:71) ~[classes/:?]
	at com.henryorz.excel4j.excel.PoiExcelHandler.importExcel(PoiExcelHandler.java:54) [classes/:?]
	at com.henryorz.excel4j.excel.ExcelHandler.execute(ExcelHandler.java:50) [classes/:?]
	at com.henryorz.excel4j.proxy.MapperProxy.invoke(MapperProxy.java:31) [classes/:?]
	at com.sun.proxy.$Proxy0.testMethod(Unknown Source) [?:?]
	at com.henryorz.excel4j.test.TestMain.main(TestMain.java:19) [classes/:?]

16:31:42.929 ERROR com.henryorz.excel4j.excel.PoiExcelHandler 57 importExcel - get bean from row failed: {} java.lang.NoSuchMethodException: java.util.List.<init>()
	at java.lang.Class.getConstructor0(Class.java:3082) ~[?:1.8.0_91]
	at java.lang.Class.newInstance(Class.java:412) ~[?:1.8.0_91]
	at com.henryorz.excel4j.excel.PoiExcelHandler.getBeanFromRow(PoiExcelHandler.java:71) ~[classes/:?]
	at com.henryorz.excel4j.excel.PoiExcelHandler.importExcel(PoiExcelHandler.java:54) [classes/:?]
	at com.henryorz.excel4j.excel.ExcelHandler.execute(ExcelHandler.java:50) [classes/:?]
	at com.henryorz.excel4j.proxy.MapperProxy.invoke(MapperProxy.java:31) [classes/:?]
	at com.sun.proxy.$Proxy0.testMethod(Unknown Source) [?:?]
	at com.henryorz.excel4j.test.TestMain.main(TestMain.java:19) [classes/:?]

16:31:42.929 ERROR com.henryorz.excel4j.excel.PoiExcelHandler 57 importExcel - get bean from row failed: {} java.lang.NoSuchMethodException: java.util.List.<init>()
	at java.lang.Class.getConstructor0(Class.java:3082) ~[?:1.8.0_91]
	at java.lang.Class.newInstance(Class.java:412) ~[?:1.8.0_91]
	at com.henryorz.excel4j.excel.PoiExcelHandler.getBeanFromRow(PoiExcelHandler.java:71) ~[classes/:?]
	at com.henryorz.excel4j.excel.PoiExcelHandler.importExcel(PoiExcelHandler.java:54) [classes/:?]
	at com.henryorz.excel4j.excel.ExcelHandler.execute(ExcelHandler.java:50) [classes/:?]
	at com.henryorz.excel4j.proxy.MapperProxy.invoke(MapperProxy.java:31) [classes/:?]
	at com.sun.proxy.$Proxy0.testMethod(Unknown Source) [?:?]
	at com.henryorz.excel4j.test.TestMain.main(TestMain.java:19) [classes/:?]

18:13:31.632 WARN  com.henryorz.excel4j.excel.PoiImportDataSource 101 getStringValue - ExcelFormat not match: 10
18:13:56.282 WARN  com.henryorz.excel4j.excel.PoiImportDataSource 101 getStringValue - ExcelFormat not match: 10
18:14:54.829 WARN  com.henryorz.excel4j.excel.PoiImportDataSource 101 getStringValue - ExcelFormat not match: 10
18:15:59.491 WARN  com.henryorz.excel4j.excel.PoiImportDataSource 101 getStringValue - ExcelFormat not match: 10
18:26:37.805 WARN  com.henryorz.excel4j.excel.PoiImportDataSource 101 getStringValue - ExcelFormat not match: 10
18:26:37.809 WARN  com.henryorz.excel4j.excel.PoiImportDataSource 101 getStringValue - ExcelFormat not match: 11
18:26:37.810 WARN  com.henryorz.excel4j.excel.PoiImportDataSource 101 getStringValue - ExcelFormat not match: 20
18:26:37.810 WARN  com.henryorz.excel4j.excel.PoiImportDataSource 101 getStringValue - ExcelFormat not match: 21
18:26:37.811 WARN  com.henryorz.excel4j.excel.PoiImportDataSource 101 getStringValue - ExcelFormat not match: 30
18:26:37.811 WARN  com.henryorz.excel4j.excel.PoiImportDataSource 101 getStringValue - ExcelFormat not match: 31
18:27:07.669 WARN  com.henryorz.excel4j.excel.PoiImportDataSource 101 getStringValue - ExcelFormat not match: 10
18:27:07.675 WARN  com.henryorz.excel4j.excel.PoiImportDataSource 101 getStringValue - ExcelFormat not match: 11
18:27:07.675 WARN  com.henryorz.excel4j.excel.PoiImportDataSource 101 getStringValue - ExcelFormat not match: 20
18:27:07.676 WARN  com.henryorz.excel4j.excel.PoiImportDataSource 101 getStringValue - ExcelFormat not match: 21
18:27:07.676 WARN  com.henryorz.excel4j.excel.PoiImportDataSource 101 getStringValue - ExcelFormat not match: 30
18:27:07.676 WARN  com.henryorz.excel4j.excel.PoiImportDataSource 101 getStringValue - ExcelFormat not match: 31
18:30:30.468 WARN  com.henryorz.excel4j.excel.PoiImportDataSource 101 getStringValue - ExcelFormat not match: 10
18:30:30.472 WARN  com.henryorz.excel4j.excel.PoiImportDataSource 101 getStringValue - ExcelFormat not match: 11
18:30:30.473 WARN  com.henryorz.excel4j.excel.PoiImportDataSource 101 getStringValue - ExcelFormat not match: 20
18:30:30.473 WARN  com.henryorz.excel4j.excel.PoiImportDataSource 101 getStringValue - ExcelFormat not match: 21
18:30:30.473 WARN  com.henryorz.excel4j.excel.PoiImportDataSource 101 getStringValue - ExcelFormat not match: 30
18:30:30.473 WARN  com.henryorz.excel4j.excel.PoiImportDataSource 101 getStringValue - ExcelFormat not match: 31
18:46:39.926 WARN  com.henryorz.excel4j.excel.PoiImportDataSource 98 getStringValue - ExcelFormat not match: (1, 0)
18:46:39.931 WARN  com.henryorz.excel4j.excel.PoiImportDataSource 98 getStringValue - ExcelFormat not match: (1, 1)
18:46:39.931 WARN  com.henryorz.excel4j.excel.PoiImportDataSource 98 getStringValue - ExcelFormat not match: (2, 0)
18:46:39.932 WARN  com.henryorz.excel4j.excel.PoiImportDataSource 98 getStringValue - ExcelFormat not match: (2, 1)
18:46:39.932 WARN  com.henryorz.excel4j.excel.PoiImportDataSource 98 getStringValue - ExcelFormat not match: (3, 0)
18:46:39.932 WARN  com.henryorz.excel4j.excel.PoiImportDataSource 98 getStringValue - ExcelFormat not match: (3, 1)
18:47:40.583 WARN  com.henryorz.excel4j.excel.PoiImportDataSource 98 getStringValue - ExcelFormat not match: (1, 0)
18:47:40.588 WARN  com.henryorz.excel4j.excel.PoiImportDataSource 98 getStringValue - ExcelFormat not match: (1, 1)
18:47:40.589 WARN  com.henryorz.excel4j.excel.PoiImportDataSource 98 getStringValue - ExcelFormat not match: (2, 0)
18:47:40.589 WARN  com.henryorz.excel4j.excel.PoiImportDataSource 98 getStringValue - ExcelFormat not match: (2, 1)
18:47:40.589 WARN  com.henryorz.excel4j.excel.PoiImportDataSource 98 getStringValue - ExcelFormat not match: (3, 0)
18:47:40.589 WARN  com.henryorz.excel4j.excel.PoiImportDataSource 98 getStringValue - ExcelFormat not match: (3, 1)
18:48:14.889 WARN  com.henryorz.excel4j.excel.PoiImportDataSource 98 getStringValue - ExcelFormat not match: (1, 0)
18:48:14.891 WARN  com.henryorz.excel4j.excel.PoiImportDataSource 98 getStringValue - ExcelFormat not match: (1, 1)
18:48:14.892 WARN  com.henryorz.excel4j.excel.PoiImportDataSource 98 getStringValue - ExcelFormat not match: (2, 0)
18:48:14.892 WARN  com.henryorz.excel4j.excel.PoiImportDataSource 98 getStringValue - ExcelFormat not match: (2, 1)
18:48:14.892 WARN  com.henryorz.excel4j.excel.PoiImportDataSource 98 getStringValue - ExcelFormat not match: (3, 0)
18:48:14.893 WARN  com.henryorz.excel4j.excel.PoiImportDataSource 98 getStringValue - ExcelFormat not match: (3, 1)
18:49:03.434 WARN  com.henryorz.excel4j.excel.PoiImportDataSource 98 getStringValue - ExcelFormat not match: (1, 0)
18:49:03.438 WARN  com.henryorz.excel4j.excel.PoiImportDataSource 98 getStringValue - ExcelFormat not match: (1, 1)
18:49:03.439 WARN  com.henryorz.excel4j.excel.PoiImportDataSource 98 getStringValue - ExcelFormat not match: (2, 0)
18:49:03.439 WARN  com.henryorz.excel4j.excel.PoiImportDataSource 98 getStringValue - ExcelFormat not match: (2, 1)
18:49:03.439 WARN  com.henryorz.excel4j.excel.PoiImportDataSource 98 getStringValue - ExcelFormat not match: (3, 0)
18:49:03.439 WARN  com.henryorz.excel4j.excel.PoiImportDataSource 98 getStringValue - ExcelFormat not match: (3, 1)
18:50:12.132 WARN  com.henryorz.excel4j.excel.PoiImportDataSource 98 getStringValue - ExcelFormat not match: (1, 0)
18:50:18.027 WARN  com.henryorz.excel4j.excel.PoiImportDataSource 98 getStringValue - ExcelFormat not match: (1, 1)
18:50:19.162 WARN  com.henryorz.excel4j.excel.PoiImportDataSource 98 getStringValue - ExcelFormat not match: (2, 0)
18:50:19.722 WARN  com.henryorz.excel4j.excel.PoiImportDataSource 98 getStringValue - ExcelFormat not match: (2, 1)
18:50:35.771 WARN  com.henryorz.excel4j.excel.PoiImportDataSource 98 getStringValue - ExcelFormat not match: (3, 0)
18:51:19.906 WARN  com.henryorz.excel4j.excel.PoiImportDataSource 98 getStringValue - ExcelFormat not match: (3, 1)
18:51:43.473 WARN  com.henryorz.excel4j.excel.PoiImportDataSource -1 getStringValue - ExcelFormat not match: (1, 0)
