2017.01.05 at 16:19:36 CST WARN  com.henryorz.excel4j.excel.PoiExcelHandler 39 importExcel - open as xlsx failed, cause: {}org.apache.poi.openxml4j.exceptions.InvalidFormatException: Package should contain a content type part [M1.13]
2017.01.05 at 16:19:36 CST WARN  com.henryorz.excel4j.excel.PoiExcelHandler 43 importExcel - open as xls failed, cause: {}org.apache.poi.openxml4j.exceptions.InvalidFormatException: Package should contain a content type part [M1.13]
2017.01.05 at 16:21:40 CST WARN  com.henryorz.excel4j.excel.PoiExcelHandler 39 importExcel - open as xlsx failed, cause: {} org.apache.poi.openxml4j.exceptions.InvalidFormatException: Package should contain a content type part [M1.13]
	at org.apache.poi.openxml4j.opc.ZipPackage.getPartsImpl(ZipPackage.java:197) ~[poi-ooxml-3.14.jar:3.14]
	at org.apache.poi.openxml4j.opc.OPCPackage.getParts(OPCPackage.java:696) ~[poi-ooxml-3.14.jar:3.14]
	at org.apache.poi.openxml4j.opc.OPCPackage.open(OPCPackage.java:280) ~[poi-ooxml-3.14.jar:3.14]
	at org.apache.poi.util.PackageHelper.open(PackageHelper.java:37) ~[poi-ooxml-3.14.jar:3.14]
	at org.apache.poi.xssf.usermodel.XSSFWorkbook.<init>(XSSFWorkbook.java:274) ~[poi-ooxml-3.14.jar:3.14]
	at com.henryorz.excel4j.excel.PoiExcelHandler.importExcel(PoiExcelHandler.java:37) [classes/:?]
	at com.henryorz.excel4j.excel.ExcelHandler.execute(ExcelHandler.java:50) [classes/:?]
	at com.henryorz.excel4j.proxy.MapperProxy.invoke(MapperProxy.java:31) [classes/:?]
	at com.sun.proxy.$Proxy0.testMethod(Unknown Source) [?:?]
	at com.henryorz.excel4j.test.TestMain.main(TestMain.java:19) [classes/:?]
	at sun.reflect.NativeMethodAccessorImpl.invoke0(Native Method) ~[?:1.8.0_91]
	at sun.reflect.NativeMethodAccessorImpl.invoke(NativeMethodAccessorImpl.java:62) ~[?:1.8.0_91]
	at sun.reflect.DelegatingMethodAccessorImpl.invoke(DelegatingMethodAccessorImpl.java:43) ~[?:1.8.0_91]
	at java.lang.reflect.Method.invoke(Method.java:498) ~[?:1.8.0_91]
	at com.intellij.rt.execution.application.AppMain.main(AppMain.java:147) [idea_rt.jar:?]

2017.01.05 at 16:21:40 CST WARN  com.henryorz.excel4j.excel.PoiExcelHandler 43 importExcel - open as xls failed, cause: {} org.apache.poi.openxml4j.exceptions.InvalidFormatException: Package should contain a content type part [M1.13]
	at org.apache.poi.openxml4j.opc.ZipPackage.getPartsImpl(ZipPackage.java:197) ~[poi-ooxml-3.14.jar:3.14]
	at org.apache.poi.openxml4j.opc.OPCPackage.getParts(OPCPackage.java:696) ~[poi-ooxml-3.14.jar:3.14]
	at org.apache.poi.openxml4j.opc.OPCPackage.open(OPCPackage.java:280) ~[poi-ooxml-3.14.jar:3.14]
	at org.apache.poi.util.PackageHelper.open(PackageHelper.java:37) ~[poi-ooxml-3.14.jar:3.14]
	at org.apache.poi.xssf.usermodel.XSSFWorkbook.<init>(XSSFWorkbook.java:274) ~[poi-ooxml-3.14.jar:3.14]
	at com.henryorz.excel4j.excel.PoiExcelHandler.importExcel(PoiExcelHandler.java:37) [classes/:?]
	at com.henryorz.excel4j.excel.ExcelHandler.execute(ExcelHandler.java:50) [classes/:?]
	at com.henryorz.excel4j.proxy.MapperProxy.invoke(MapperProxy.java:31) [classes/:?]
	at com.sun.proxy.$Proxy0.testMethod(Unknown Source) [?:?]
	at com.henryorz.excel4j.test.TestMain.main(TestMain.java:19) [classes/:?]
	at sun.reflect.NativeMethodAccessorImpl.invoke0(Native Method) ~[?:1.8.0_91]
	at sun.reflect.NativeMethodAccessorImpl.invoke(NativeMethodAccessorImpl.java:62) ~[?:1.8.0_91]
	at sun.reflect.DelegatingMethodAccessorImpl.invoke(DelegatingMethodAccessorImpl.java:43) ~[?:1.8.0_91]
	at java.lang.reflect.Method.invoke(Method.java:498) ~[?:1.8.0_91]
	at com.intellij.rt.execution.application.AppMain.main(AppMain.java:147) [idea_rt.jar:?]

2017.01.05 at 16:25:24 CST WARN  com.henryorz.excel4j.excel.PoiExcelHandler 39 importExcel - open as xlsx failed, cause: {} org.apache.poi.openxml4j.exceptions.InvalidFormatException: Package should contain a content type part [M1.13]
	at org.apache.poi.openxml4j.opc.ZipPackage.getPartsImpl(ZipPackage.java:197) ~[poi-ooxml-3.14.jar:3.14]
	at org.apache.poi.openxml4j.opc.OPCPackage.getParts(OPCPackage.java:696) ~[poi-ooxml-3.14.jar:3.14]
	at org.apache.poi.openxml4j.opc.OPCPackage.open(OPCPackage.java:280) ~[poi-ooxml-3.14.jar:3.14]
	at org.apache.poi.util.PackageHelper.open(PackageHelper.java:37) ~[poi-ooxml-3.14.jar:3.14]
	at org.apache.poi.xssf.usermodel.XSSFWorkbook.<init>(XSSFWorkbook.java:274) ~[poi-ooxml-3.14.jar:3.14]
	at com.henryorz.excel4j.excel.PoiExcelHandler.importExcel(PoiExcelHandler.java:37) [classes/:?]
	at com.henryorz.excel4j.excel.ExcelHandler.execute(ExcelHandler.java:50) [classes/:?]
	at com.henryorz.excel4j.proxy.MapperProxy.invoke(MapperProxy.java:31) [classes/:?]
	at com.sun.proxy.$Proxy0.testMethod(Unknown Source) [?:?]
	at com.henryorz.excel4j.test.TestMain.main(TestMain.java:19) [classes/:?]
	at sun.reflect.NativeMethodAccessorImpl.invoke0(Native Method) ~[?:1.8.0_91]
	at sun.reflect.NativeMethodAccessorImpl.invoke(NativeMethodAccessorImpl.java:62) ~[?:1.8.0_91]
	at sun.reflect.DelegatingMethodAccessorImpl.invoke(DelegatingMethodAccessorImpl.java:43) ~[?:1.8.0_91]
	at java.lang.reflect.Method.invoke(Method.java:498) ~[?:1.8.0_91]
	at com.intellij.rt.execution.application.AppMain.main(AppMain.java:147) [idea_rt.jar:?]

2017.01.05 at 16:25:24 CST WARN  com.henryorz.excel4j.excel.PoiExcelHandler 43 importExcel - open as xls failed, cause: {} org.apache.poi.openxml4j.exceptions.InvalidFormatException: Package should contain a content type part [M1.13]
	at org.apache.poi.openxml4j.opc.ZipPackage.getPartsImpl(ZipPackage.java:197) ~[poi-ooxml-3.14.jar:3.14]
	at org.apache.poi.openxml4j.opc.OPCPackage.getParts(OPCPackage.java:696) ~[poi-ooxml-3.14.jar:3.14]
	at org.apache.poi.openxml4j.opc.OPCPackage.open(OPCPackage.java:280) ~[poi-ooxml-3.14.jar:3.14]
	at org.apache.poi.util.PackageHelper.open(PackageHelper.java:37) ~[poi-ooxml-3.14.jar:3.14]
	at org.apache.poi.xssf.usermodel.XSSFWorkbook.<init>(XSSFWorkbook.java:274) ~[poi-ooxml-3.14.jar:3.14]
	at com.henryorz.excel4j.excel.PoiExcelHandler.importExcel(PoiExcelHandler.java:37) [classes/:?]
	at com.henryorz.excel4j.excel.ExcelHandler.execute(ExcelHandler.java:50) [classes/:?]
	at com.henryorz.excel4j.proxy.MapperProxy.invoke(MapperProxy.java:31) [classes/:?]
	at com.sun.proxy.$Proxy0.testMethod(Unknown Source) [?:?]
	at com.henryorz.excel4j.test.TestMain.main(TestMain.java:19) [classes/:?]
	at sun.reflect.NativeMethodAccessorImpl.invoke0(Native Method) ~[?:1.8.0_91]
	at sun.reflect.NativeMethodAccessorImpl.invoke(NativeMethodAccessorImpl.java:62) ~[?:1.8.0_91]
	at sun.reflect.DelegatingMethodAccessorImpl.invoke(DelegatingMethodAccessorImpl.java:43) ~[?:1.8.0_91]
	at java.lang.reflect.Method.invoke(Method.java:498) ~[?:1.8.0_91]
	at com.intellij.rt.execution.application.AppMain.main(AppMain.java:147) [idea_rt.jar:?]

2017.01.05 at 16:27:54 CST WARN  com.henryorz.excel4j.excel.PoiExcelHandler 39 importExcel - open as xlsx failed, cause: {} org.apache.poi.openxml4j.exceptions.InvalidFormatException: Package should contain a content type part [M1.13]
	at org.apache.poi.openxml4j.opc.ZipPackage.getPartsImpl(ZipPackage.java:197) ~[poi-ooxml-3.14.jar:3.14]
	at org.apache.poi.openxml4j.opc.OPCPackage.getParts(OPCPackage.java:696) ~[poi-ooxml-3.14.jar:3.14]
	at org.apache.poi.openxml4j.opc.OPCPackage.open(OPCPackage.java:280) ~[poi-ooxml-3.14.jar:3.14]
	at org.apache.poi.util.PackageHelper.open(PackageHelper.java:37) ~[poi-ooxml-3.14.jar:3.14]
	at org.apache.poi.xssf.usermodel.XSSFWorkbook.<init>(XSSFWorkbook.java:274) ~[poi-ooxml-3.14.jar:3.14]
	at com.henryorz.excel4j.excel.PoiExcelHandler.importExcel(PoiExcelHandler.java:37) [classes/:?]
	at com.henryorz.excel4j.excel.ExcelHandler.execute(ExcelHandler.java:50) [classes/:?]
	at com.henryorz.excel4j.proxy.MapperProxy.invoke(MapperProxy.java:31) [classes/:?]
	at com.sun.proxy.$Proxy0.testMethod(Unknown Source) [?:?]
	at com.henryorz.excel4j.test.TestMain.main(TestMain.java:19) [classes/:?]
	at sun.reflect.NativeMethodAccessorImpl.invoke0(Native Method) ~[?:1.8.0_91]
	at sun.reflect.NativeMethodAccessorImpl.invoke(NativeMethodAccessorImpl.java:62) ~[?:1.8.0_91]
	at sun.reflect.DelegatingMethodAccessorImpl.invoke(DelegatingMethodAccessorImpl.java:43) ~[?:1.8.0_91]
	at java.lang.reflect.Method.invoke(Method.java:498) ~[?:1.8.0_91]
	at com.intellij.rt.execution.application.AppMain.main(AppMain.java:147) [idea_rt.jar:?]

2017.01.05 at 16:27:54 CST ERROR com.henryorz.excel4j.excel.PoiExcelHandler 43 importExcel - open as xls failed, cause: {}
2017.01.05 at 16:29:57 CST ERROR com.henryorz.excel4j.excel.PoiExcelHandler 57 importExcel - get bean from row failed: {} java.lang.NoSuchMethodException: java.util.List.<init>()
	at java.lang.Class.getConstructor0(Class.java:3082) ~[?:1.8.0_91]
	at java.lang.Class.newInstance(Class.java:412) ~[?:1.8.0_91]
	at com.henryorz.excel4j.excel.PoiExcelHandler.getBeanFromRow(PoiExcelHandler.java:71) ~[classes/:?]
	at com.henryorz.excel4j.excel.PoiExcelHandler.importExcel(PoiExcelHandler.java:54) [classes/:?]
	at com.henryorz.excel4j.excel.ExcelHandler.execute(ExcelHandler.java:50) [classes/:?]
	at com.henryorz.excel4j.proxy.MapperProxy.invoke(MapperProxy.java:31) [classes/:?]
	at com.sun.proxy.$Proxy0.testMethod(Unknown Source) [?:?]
	at com.henryorz.excel4j.test.TestMain.main(TestMain.java:19) [classes/:?]
	at sun.reflect.NativeMethodAccessorImpl.invoke0(Native Method) ~[?:1.8.0_91]
	at sun.reflect.NativeMethodAccessorImpl.invoke(NativeMethodAccessorImpl.java:62) ~[?:1.8.0_91]
	at sun.reflect.DelegatingMethodAccessorImpl.invoke(DelegatingMethodAccessorImpl.java:43) ~[?:1.8.0_91]
	at java.lang.reflect.Method.invoke(Method.java:498) ~[?:1.8.0_91]
	at com.intellij.rt.execution.application.AppMain.main(AppMain.java:147) [idea_rt.jar:?]

2017.01.05 at 16:29:57 CST ERROR com.henryorz.excel4j.excel.PoiExcelHandler 57 importExcel - get bean from row failed: {} java.lang.NoSuchMethodException: java.util.List.<init>()
	at java.lang.Class.getConstructor0(Class.java:3082) ~[?:1.8.0_91]
	at java.lang.Class.newInstance(Class.java:412) ~[?:1.8.0_91]
	at com.henryorz.excel4j.excel.PoiExcelHandler.getBeanFromRow(PoiExcelHandler.java:71) ~[classes/:?]
	at com.henryorz.excel4j.excel.PoiExcelHandler.importExcel(PoiExcelHandler.java:54) [classes/:?]
	at com.henryorz.excel4j.excel.ExcelHandler.execute(ExcelHandler.java:50) [classes/:?]
	at com.henryorz.excel4j.proxy.MapperProxy.invoke(MapperProxy.java:31) [classes/:?]
	at com.sun.proxy.$Proxy0.testMethod(Unknown Source) [?:?]
	at com.henryorz.excel4j.test.TestMain.main(TestMain.java:19) [classes/:?]
	at sun.reflect.NativeMethodAccessorImpl.invoke0(Native Method) ~[?:1.8.0_91]
	at sun.reflect.NativeMethodAccessorImpl.invoke(NativeMethodAccessorImpl.java:62) ~[?:1.8.0_91]
	at sun.reflect.DelegatingMethodAccessorImpl.invoke(DelegatingMethodAccessorImpl.java:43) ~[?:1.8.0_91]
	at java.lang.reflect.Method.invoke(Method.java:498) ~[?:1.8.0_91]
	at com.intellij.rt.execution.application.AppMain.main(AppMain.java:147) [idea_rt.jar:?]

2017.01.05 at 16:29:57 CST ERROR com.henryorz.excel4j.excel.PoiExcelHandler 57 importExcel - get bean from row failed: {} java.lang.NoSuchMethodException: java.util.List.<init>()
	at java.lang.Class.getConstructor0(Class.java:3082) ~[?:1.8.0_91]
	at java.lang.Class.newInstance(Class.java:412) ~[?:1.8.0_91]
	at com.henryorz.excel4j.excel.PoiExcelHandler.getBeanFromRow(PoiExcelHandler.java:71) ~[classes/:?]
	at com.henryorz.excel4j.excel.PoiExcelHandler.importExcel(PoiExcelHandler.java:54) [classes/:?]
	at com.henryorz.excel4j.excel.ExcelHandler.execute(ExcelHandler.java:50) [classes/:?]
	at com.henryorz.excel4j.proxy.MapperProxy.invoke(MapperProxy.java:31) [classes/:?]
	at com.sun.proxy.$Proxy0.testMethod(Unknown Source) [?:?]
	at com.henryorz.excel4j.test.TestMain.main(TestMain.java:19) [classes/:?]
	at sun.reflect.NativeMethodAccessorImpl.invoke0(Native Method) ~[?:1.8.0_91]
	at sun.reflect.NativeMethodAccessorImpl.invoke(NativeMethodAccessorImpl.java:62) ~[?:1.8.0_91]
	at sun.reflect.DelegatingMethodAccessorImpl.invoke(DelegatingMethodAccessorImpl.java:43) ~[?:1.8.0_91]
	at java.lang.reflect.Method.invoke(Method.java:498) ~[?:1.8.0_91]
	at com.intellij.rt.execution.application.AppMain.main(AppMain.java:147) [idea_rt.jar:?]

2017.01.05 at 16:31:42 CST ERROR com.henryorz.excel4j.excel.PoiExcelHandler 57 importExcel - get bean from row failed: {} java.lang.NoSuchMethodException: java.util.List.<init>()
	at java.lang.Class.getConstructor0(Class.java:3082) ~[?:1.8.0_91]
	at java.lang.Class.newInstance(Class.java:412) ~[?:1.8.0_91]
	at com.henryorz.excel4j.excel.PoiExcelHandler.getBeanFromRow(PoiExcelHandler.java:71) ~[classes/:?]
	at com.henryorz.excel4j.excel.PoiExcelHandler.importExcel(PoiExcelHandler.java:54) [classes/:?]
	at com.henryorz.excel4j.excel.ExcelHandler.execute(ExcelHandler.java:50) [classes/:?]
	at com.henryorz.excel4j.proxy.MapperProxy.invoke(MapperProxy.java:31) [classes/:?]
	at com.sun.proxy.$Proxy0.testMethod(Unknown Source) [?:?]
	at com.henryorz.excel4j.test.TestMain.main(TestMain.java:19) [classes/:?]

2017.01.05 at 16:31:42 CST ERROR com.henryorz.excel4j.excel.PoiExcelHandler 57 importExcel - get bean from row failed: {} java.lang.NoSuchMethodException: java.util.List.<init>()
	at java.lang.Class.getConstructor0(Class.java:3082) ~[?:1.8.0_91]
	at java.lang.Class.newInstance(Class.java:412) ~[?:1.8.0_91]
	at com.henryorz.excel4j.excel.PoiExcelHandler.getBeanFromRow(PoiExcelHandler.java:71) ~[classes/:?]
	at com.henryorz.excel4j.excel.PoiExcelHandler.importExcel(PoiExcelHandler.java:54) [classes/:?]
	at com.henryorz.excel4j.excel.ExcelHandler.execute(ExcelHandler.java:50) [classes/:?]
	at com.henryorz.excel4j.proxy.MapperProxy.invoke(MapperProxy.java:31) [classes/:?]
	at com.sun.proxy.$Proxy0.testMethod(Unknown Source) [?:?]
	at com.henryorz.excel4j.test.TestMain.main(TestMain.java:19) [classes/:?]

2017.01.05 at 16:31:42 CST ERROR com.henryorz.excel4j.excel.PoiExcelHandler 57 importExcel - get bean from row failed: {} java.lang.NoSuchMethodException: java.util.List.<init>()
	at java.lang.Class.getConstructor0(Class.java:3082) ~[?:1.8.0_91]
	at java.lang.Class.newInstance(Class.java:412) ~[?:1.8.0_91]
	at com.henryorz.excel4j.excel.PoiExcelHandler.getBeanFromRow(PoiExcelHandler.java:71) ~[classes/:?]
	at com.henryorz.excel4j.excel.PoiExcelHandler.importExcel(PoiExcelHandler.java:54) [classes/:?]
	at com.henryorz.excel4j.excel.ExcelHandler.execute(ExcelHandler.java:50) [classes/:?]
	at com.henryorz.excel4j.proxy.MapperProxy.invoke(MapperProxy.java:31) [classes/:?]
	at com.sun.proxy.$Proxy0.testMethod(Unknown Source) [?:?]
	at com.henryorz.excel4j.test.TestMain.main(TestMain.java:19) [classes/:?]

2017.01.06 at 18:13:31 CST WARN  com.henryorz.excel4j.excel.PoiExcelDataSource 101 getStringValue - ExcelFormat not match: 10
2017.01.06 at 18:13:56 CST WARN  com.henryorz.excel4j.excel.PoiExcelDataSource 101 getStringValue - ExcelFormat not match: 10
2017.01.06 at 18:14:54 CST WARN  com.henryorz.excel4j.excel.PoiExcelDataSource 101 getStringValue - ExcelFormat not match: 10
2017.01.06 at 18:15:59 CST WARN  com.henryorz.excel4j.excel.PoiExcelDataSource 101 getStringValue - ExcelFormat not match: 10
2017.01.06 at 18:26:37 CST WARN  com.henryorz.excel4j.excel.PoiExcelDataSource 101 getStringValue - ExcelFormat not match: 10
2017.01.06 at 18:26:37 CST WARN  com.henryorz.excel4j.excel.PoiExcelDataSource 101 getStringValue - ExcelFormat not match: 11
2017.01.06 at 18:26:37 CST WARN  com.henryorz.excel4j.excel.PoiExcelDataSource 101 getStringValue - ExcelFormat not match: 20
2017.01.06 at 18:26:37 CST WARN  com.henryorz.excel4j.excel.PoiExcelDataSource 101 getStringValue - ExcelFormat not match: 21
2017.01.06 at 18:26:37 CST WARN  com.henryorz.excel4j.excel.PoiExcelDataSource 101 getStringValue - ExcelFormat not match: 30
2017.01.06 at 18:26:37 CST WARN  com.henryorz.excel4j.excel.PoiExcelDataSource 101 getStringValue - ExcelFormat not match: 31
2017.01.06 at 18:27:07 CST WARN  com.henryorz.excel4j.excel.PoiExcelDataSource 101 getStringValue - ExcelFormat not match: 10
2017.01.06 at 18:27:07 CST WARN  com.henryorz.excel4j.excel.PoiExcelDataSource 101 getStringValue - ExcelFormat not match: 11
2017.01.06 at 18:27:07 CST WARN  com.henryorz.excel4j.excel.PoiExcelDataSource 101 getStringValue - ExcelFormat not match: 20
2017.01.06 at 18:27:07 CST WARN  com.henryorz.excel4j.excel.PoiExcelDataSource 101 getStringValue - ExcelFormat not match: 21
2017.01.06 at 18:27:07 CST WARN  com.henryorz.excel4j.excel.PoiExcelDataSource 101 getStringValue - ExcelFormat not match: 30
2017.01.06 at 18:27:07 CST WARN  com.henryorz.excel4j.excel.PoiExcelDataSource 101 getStringValue - ExcelFormat not match: 31
2017.01.06 at 18:30:30 CST WARN  com.henryorz.excel4j.excel.PoiExcelDataSource 101 getStringValue - ExcelFormat not match: 10
2017.01.06 at 18:30:30 CST WARN  com.henryorz.excel4j.excel.PoiExcelDataSource 101 getStringValue - ExcelFormat not match: 11
2017.01.06 at 18:30:30 CST WARN  com.henryorz.excel4j.excel.PoiExcelDataSource 101 getStringValue - ExcelFormat not match: 20
2017.01.06 at 18:30:30 CST WARN  com.henryorz.excel4j.excel.PoiExcelDataSource 101 getStringValue - ExcelFormat not match: 21
2017.01.06 at 18:30:30 CST WARN  com.henryorz.excel4j.excel.PoiExcelDataSource 101 getStringValue - ExcelFormat not match: 30
2017.01.06 at 18:30:30 CST WARN  com.henryorz.excel4j.excel.PoiExcelDataSource 101 getStringValue - ExcelFormat not match: 31
2017.01.06 at 18:46:39 CST WARN  com.henryorz.excel4j.excel.PoiExcelDataSource 98 getStringValue - ExcelFormat not match: (1, 0)
2017.01.06 at 18:46:39 CST WARN  com.henryorz.excel4j.excel.PoiExcelDataSource 98 getStringValue - ExcelFormat not match: (1, 1)
2017.01.06 at 18:46:39 CST WARN  com.henryorz.excel4j.excel.PoiExcelDataSource 98 getStringValue - ExcelFormat not match: (2, 0)
2017.01.06 at 18:46:39 CST WARN  com.henryorz.excel4j.excel.PoiExcelDataSource 98 getStringValue - ExcelFormat not match: (2, 1)
2017.01.06 at 18:46:39 CST WARN  com.henryorz.excel4j.excel.PoiExcelDataSource 98 getStringValue - ExcelFormat not match: (3, 0)
2017.01.06 at 18:46:39 CST WARN  com.henryorz.excel4j.excel.PoiExcelDataSource 98 getStringValue - ExcelFormat not match: (3, 1)
2017.01.06 at 18:47:40 CST WARN  com.henryorz.excel4j.excel.PoiExcelDataSource 98 getStringValue - ExcelFormat not match: (1, 0)
2017.01.06 at 18:47:40 CST WARN  com.henryorz.excel4j.excel.PoiExcelDataSource 98 getStringValue - ExcelFormat not match: (1, 1)
2017.01.06 at 18:47:40 CST WARN  com.henryorz.excel4j.excel.PoiExcelDataSource 98 getStringValue - ExcelFormat not match: (2, 0)
2017.01.06 at 18:47:40 CST WARN  com.henryorz.excel4j.excel.PoiExcelDataSource 98 getStringValue - ExcelFormat not match: (2, 1)
2017.01.06 at 18:47:40 CST WARN  com.henryorz.excel4j.excel.PoiExcelDataSource 98 getStringValue - ExcelFormat not match: (3, 0)
2017.01.06 at 18:47:40 CST WARN  com.henryorz.excel4j.excel.PoiExcelDataSource 98 getStringValue - ExcelFormat not match: (3, 1)
2017.01.06 at 18:48:14 CST WARN  com.henryorz.excel4j.excel.PoiExcelDataSource 98 getStringValue - ExcelFormat not match: (1, 0)
2017.01.06 at 18:48:14 CST WARN  com.henryorz.excel4j.excel.PoiExcelDataSource 98 getStringValue - ExcelFormat not match: (1, 1)
2017.01.06 at 18:48:14 CST WARN  com.henryorz.excel4j.excel.PoiExcelDataSource 98 getStringValue - ExcelFormat not match: (2, 0)
2017.01.06 at 18:48:14 CST WARN  com.henryorz.excel4j.excel.PoiExcelDataSource 98 getStringValue - ExcelFormat not match: (2, 1)
2017.01.06 at 18:48:14 CST WARN  com.henryorz.excel4j.excel.PoiExcelDataSource 98 getStringValue - ExcelFormat not match: (3, 0)
2017.01.06 at 18:48:14 CST WARN  com.henryorz.excel4j.excel.PoiExcelDataSource 98 getStringValue - ExcelFormat not match: (3, 1)
2017.01.06 at 18:49:03 CST WARN  com.henryorz.excel4j.excel.PoiExcelDataSource 98 getStringValue - ExcelFormat not match: (1, 0)
2017.01.06 at 18:49:03 CST WARN  com.henryorz.excel4j.excel.PoiExcelDataSource 98 getStringValue - ExcelFormat not match: (1, 1)
2017.01.06 at 18:49:03 CST WARN  com.henryorz.excel4j.excel.PoiExcelDataSource 98 getStringValue - ExcelFormat not match: (2, 0)
2017.01.06 at 18:49:03 CST WARN  com.henryorz.excel4j.excel.PoiExcelDataSource 98 getStringValue - ExcelFormat not match: (2, 1)
2017.01.06 at 18:49:03 CST WARN  com.henryorz.excel4j.excel.PoiExcelDataSource 98 getStringValue - ExcelFormat not match: (3, 0)
2017.01.06 at 18:49:03 CST WARN  com.henryorz.excel4j.excel.PoiExcelDataSource 98 getStringValue - ExcelFormat not match: (3, 1)
2017.01.06 at 18:50:12 CST WARN  com.henryorz.excel4j.excel.PoiExcelDataSource 98 getStringValue - ExcelFormat not match: (1, 0)
2017.01.06 at 18:50:18 CST WARN  com.henryorz.excel4j.excel.PoiExcelDataSource 98 getStringValue - ExcelFormat not match: (1, 1)
2017.01.06 at 18:50:19 CST WARN  com.henryorz.excel4j.excel.PoiExcelDataSource 98 getStringValue - ExcelFormat not match: (2, 0)
2017.01.06 at 18:50:19 CST WARN  com.henryorz.excel4j.excel.PoiExcelDataSource 98 getStringValue - ExcelFormat not match: (2, 1)
2017.01.06 at 18:50:35 CST WARN  com.henryorz.excel4j.excel.PoiExcelDataSource 98 getStringValue - ExcelFormat not match: (3, 0)
2017.01.06 at 18:51:19 CST WARN  com.henryorz.excel4j.excel.PoiExcelDataSource 98 getStringValue - ExcelFormat not match: (3, 1)
2017.01.06 at 18:51:43 CST WARN  com.henryorz.excel4j.excel.PoiExcelDataSource -1 getStringValue - ExcelFormat not match: (1, 0)
